15:57:33.856 [main] INFO  c.q.QcblogApplication - [logStarting,50] - Starting QcblogApplication on PC-20180928WXPZ with PID 18100 (D:\IDEA\qcblog\qcblog-web\target\classes started by Administrator in D:\IDEA\qcblog)
15:57:34.000 [main] INFO  c.q.QcblogApplication - [logStartupProfileInfo,659] - No active profile set, falling back to default profiles: default
15:57:45.185 [main] INFO  o.a.c.h.Http11NioProtocol - [log,180] - Initializing ProtocolHandler ["http-nio-80"]
15:57:45.209 [main] INFO  o.a.c.c.StandardService - [log,180] - Starting service [Tomcat]
15:57:45.210 [main] INFO  o.a.c.c.StandardEngine - [log,180] - Starting Servlet Engine: Apache Tomcat/8.5.29
15:57:45.232 [localhost-startStop-1] INFO  o.a.c.c.AprLifecycleListener - [log,180] - Loaded APR based Apache Tomcat Native library [1.2.17] using APR version [1.6.3].
15:57:45.233 [localhost-startStop-1] INFO  o.a.c.c.AprLifecycleListener - [log,180] - APR capabilities: IPv6 [true], sendfile [true], accept filters [false], random [true].
15:57:45.233 [localhost-startStop-1] INFO  o.a.c.c.AprLifecycleListener - [log,180] - APR/OpenSSL configuration: useAprConnector [false], useOpenSSL [true]
15:57:46.310 [localhost-startStop-1] INFO  o.a.c.c.AprLifecycleListener - [log,180] - OpenSSL successfully initialized [OpenSSL 1.0.2o  27 Mar 2018]
15:57:46.502 [localhost-startStop-1] INFO  o.a.c.c.C.[.[.[/] - [log,180] - Initializing Spring embedded WebApplicationContext
15:57:57.839 [main] INFO  o.a.c.h.Http11NioProtocol - [log,180] - Starting ProtocolHandler ["http-nio-80"]
15:57:57.880 [main] INFO  o.a.t.u.n.NioSelectorPool - [log,180] - Using a shared selector for servlet write/read
15:57:57.950 [main] INFO  c.q.QcblogApplication - [logStarted,59] - Started QcblogApplication in 26.448 seconds (JVM running for 28.136)
15:58:26.783 [http-nio-80-exec-1] INFO  o.a.c.c.C.[.[.[/] - [log,180] - Initializing Spring FrameworkServlet 'dispatcherServlet'
15:58:30.436 [http-nio-80-exec-4] INFO  c.z.h.HikariDataSource - [getConnection,110] - HikariPool-1 - Starting...
15:58:31.683 [http-nio-80-exec-4] INFO  c.z.h.HikariDataSource - [getConnection,123] - HikariPool-1 - Start completed.
15:58:31.833 [http-nio-80-exec-4] INFO  c.q.c.ArticleController - [selectNameByArticle,70] - 作者信息查询成功，信息如→[{id=1, username=qichao}, {id=2, username=qichao}, {id=3, username=王杰}, {id=4, username=朱莹}, {id=5, username=qichao}, {id=6, username=qichao}, {id=7, username=qichao}, {id=8, username=qichao}, {id=9, username=qichao}, {id=10, username=qichao}, {id=11, username=王杰}, {id=12, username=王杰}, {id=13, username=qichao}, {id=14, username=王杰}, {id=15, username=qichao}, {id=16, username=朱莹}, {id=17, username=朱莹}, {id=18, username=王杰}, {id=19, username=王杰}, {id=20, username=qichao}, {id=21, username=qichao}, {id=22, username=qichao}, {id=23, username=qichao}, {id=24, username=qichao}, {id=25, username=qichao}, {id=26, username=qichao}, {id=27, username=qichao}, {id=28, username=qichao}, {id=29, username=qichao}, {id=30, username=qichao}]
15:58:40.468 [http-nio-80-exec-3] INFO  i.l.c.EpollProvider - [info,101] - Starting without optional epoll library
15:58:40.471 [http-nio-80-exec-3] INFO  i.l.c.KqueueProvider - [info,101] - Starting without optional kqueue library
15:58:49.715 [http-nio-80-exec-8] INFO  c.q.c.MyUserDetailsService - [loadUserByUsername,56] - qichao角色权限为：[USER, 普通用户]
15:58:50.279 [http-nio-80-exec-8] INFO  c.q.c.LogicalController - [main,116] - 获取用户信息成功，信息如→com.qcblog.pojo.User@7e7a24a2
15:58:51.298 [http-nio-80-exec-1] INFO  c.q.c.ArticleController - [selectNameByArticle,70] - 作者信息查询成功，信息如→[{id=1, username=qichao}, {id=2, username=qichao}, {id=3, username=王杰}, {id=4, username=朱莹}, {id=5, username=qichao}, {id=6, username=qichao}, {id=7, username=qichao}, {id=8, username=qichao}, {id=9, username=qichao}, {id=10, username=qichao}, {id=11, username=王杰}, {id=12, username=王杰}, {id=13, username=qichao}, {id=14, username=王杰}, {id=15, username=qichao}, {id=16, username=朱莹}, {id=17, username=朱莹}, {id=18, username=王杰}, {id=19, username=王杰}, {id=20, username=qichao}, {id=21, username=qichao}, {id=22, username=qichao}, {id=23, username=qichao}, {id=24, username=qichao}, {id=25, username=qichao}, {id=26, username=qichao}, {id=27, username=qichao}, {id=28, username=qichao}, {id=29, username=qichao}, {id=30, username=qichao}]
15:58:56.834 [http-nio-80-exec-2] INFO  c.q.c.ArticleController - [selectNameByArticle,70] - 作者信息查询成功，信息如→[{id=1, username=qichao}, {id=2, username=qichao}, {id=3, username=王杰}, {id=4, username=朱莹}, {id=5, username=qichao}, {id=6, username=qichao}, {id=7, username=qichao}, {id=8, username=qichao}, {id=9, username=qichao}, {id=10, username=qichao}, {id=11, username=王杰}, {id=12, username=王杰}, {id=13, username=qichao}, {id=14, username=王杰}, {id=15, username=qichao}, {id=16, username=朱莹}, {id=17, username=朱莹}, {id=18, username=王杰}, {id=19, username=王杰}, {id=20, username=qichao}, {id=21, username=qichao}, {id=22, username=qichao}, {id=23, username=qichao}, {id=24, username=qichao}, {id=25, username=qichao}, {id=26, username=qichao}, {id=27, username=qichao}, {id=28, username=qichao}, {id=29, username=qichao}, {id=30, username=qichao}]
16:02:39.538 [main] INFO  c.q.QcblogApplication - [logStarting,50] - Starting QcblogApplication on PC-20180928WXPZ with PID 8316 (D:\IDEA\qcblog\qcblog-web\target\classes started by Administrator in D:\IDEA\qcblog)
16:02:39.549 [main] INFO  c.q.QcblogApplication - [logStartupProfileInfo,659] - No active profile set, falling back to default profiles: default
16:02:49.436 [main] INFO  o.a.c.h.Http11NioProtocol - [log,180] - Initializing ProtocolHandler ["http-nio-80"]
16:02:49.455 [main] INFO  o.a.c.c.StandardService - [log,180] - Starting service [Tomcat]
16:02:49.456 [main] INFO  o.a.c.c.StandardEngine - [log,180] - Starting Servlet Engine: Apache Tomcat/8.5.29
16:02:49.472 [localhost-startStop-1] INFO  o.a.c.c.AprLifecycleListener - [log,180] - Loaded APR based Apache Tomcat Native library [1.2.17] using APR version [1.6.3].
16:02:49.474 [localhost-startStop-1] INFO  o.a.c.c.AprLifecycleListener - [log,180] - APR capabilities: IPv6 [true], sendfile [true], accept filters [false], random [true].
16:02:49.474 [localhost-startStop-1] INFO  o.a.c.c.AprLifecycleListener - [log,180] - APR/OpenSSL configuration: useAprConnector [false], useOpenSSL [true]
16:02:50.544 [localhost-startStop-1] INFO  o.a.c.c.AprLifecycleListener - [log,180] - OpenSSL successfully initialized [OpenSSL 1.0.2o  27 Mar 2018]
16:02:50.819 [localhost-startStop-1] INFO  o.a.c.c.C.[.[.[/] - [log,180] - Initializing Spring embedded WebApplicationContext
16:02:58.001 [main] INFO  o.a.c.h.Http11NioProtocol - [log,180] - Starting ProtocolHandler ["http-nio-80"]
16:02:58.044 [main] INFO  o.a.t.u.n.NioSelectorPool - [log,180] - Using a shared selector for servlet write/read
16:02:58.100 [main] INFO  c.q.QcblogApplication - [logStarted,59] - Started QcblogApplication in 20.261 seconds (JVM running for 21.931)
16:03:04.283 [http-nio-80-exec-1] INFO  o.a.c.c.C.[.[.[/] - [log,180] - Initializing Spring FrameworkServlet 'dispatcherServlet'
16:03:06.647 [http-nio-80-exec-10] INFO  c.z.h.HikariDataSource - [getConnection,110] - HikariPool-1 - Starting...
16:03:07.431 [http-nio-80-exec-10] INFO  c.z.h.HikariDataSource - [getConnection,123] - HikariPool-1 - Start completed.
16:03:07.802 [http-nio-80-exec-10] INFO  c.q.c.ArticleController - [selectNameByArticle,70] - 作者信息查询成功，信息如→[{id=1, username=qichao}, {id=2, username=qichao}, {id=3, username=王杰}, {id=4, username=朱莹}, {id=5, username=qichao}, {id=6, username=qichao}, {id=7, username=qichao}, {id=8, username=qichao}, {id=9, username=qichao}, {id=10, username=qichao}, {id=11, username=王杰}, {id=12, username=王杰}, {id=13, username=qichao}, {id=14, username=王杰}, {id=15, username=qichao}, {id=16, username=朱莹}, {id=17, username=朱莹}, {id=18, username=王杰}, {id=19, username=王杰}, {id=20, username=qichao}, {id=21, username=qichao}, {id=22, username=qichao}, {id=23, username=qichao}, {id=24, username=qichao}, {id=25, username=qichao}, {id=26, username=qichao}, {id=27, username=qichao}, {id=28, username=qichao}, {id=29, username=qichao}, {id=30, username=qichao}]
16:03:26.704 [http-nio-80-exec-10] INFO  i.l.c.EpollProvider - [info,101] - Starting without optional epoll library
16:03:26.706 [http-nio-80-exec-10] INFO  i.l.c.KqueueProvider - [info,101] - Starting without optional kqueue library
16:03:37.478 [http-nio-80-exec-8] INFO  c.q.c.MyUserDetailsService - [loadUserByUsername,56] - qichao角色权限为：[USER, 普通用户]
16:03:37.741 [http-nio-80-exec-8] INFO  c.q.c.LogicalController - [main,116] - 获取用户信息成功，信息如→com.qcblog.pojo.User@3ebcbc59
16:03:39.394 [http-nio-80-exec-7] INFO  c.q.c.ArticleController - [selectNameByArticle,70] - 作者信息查询成功，信息如→[{id=1, username=qichao}, {id=2, username=qichao}, {id=3, username=王杰}, {id=4, username=朱莹}, {id=5, username=qichao}, {id=6, username=qichao}, {id=7, username=qichao}, {id=8, username=qichao}, {id=9, username=qichao}, {id=10, username=qichao}, {id=11, username=王杰}, {id=12, username=王杰}, {id=13, username=qichao}, {id=14, username=王杰}, {id=15, username=qichao}, {id=16, username=朱莹}, {id=17, username=朱莹}, {id=18, username=王杰}, {id=19, username=王杰}, {id=20, username=qichao}, {id=21, username=qichao}, {id=22, username=qichao}, {id=23, username=qichao}, {id=24, username=qichao}, {id=25, username=qichao}, {id=26, username=qichao}, {id=27, username=qichao}, {id=28, username=qichao}, {id=29, username=qichao}, {id=30, username=qichao}]
16:03:42.167 [http-nio-80-exec-2] INFO  c.q.c.ArticleController - [selectNameByArticle,70] - 作者信息查询成功，信息如→[{id=1, username=qichao}, {id=2, username=qichao}, {id=3, username=王杰}, {id=4, username=朱莹}, {id=5, username=qichao}, {id=6, username=qichao}, {id=7, username=qichao}, {id=8, username=qichao}, {id=9, username=qichao}, {id=10, username=qichao}, {id=11, username=王杰}, {id=12, username=王杰}, {id=13, username=qichao}, {id=14, username=王杰}, {id=15, username=qichao}, {id=16, username=朱莹}, {id=17, username=朱莹}, {id=18, username=王杰}, {id=19, username=王杰}, {id=20, username=qichao}, {id=21, username=qichao}, {id=22, username=qichao}, {id=23, username=qichao}, {id=24, username=qichao}, {id=25, username=qichao}, {id=26, username=qichao}, {id=27, username=qichao}, {id=28, username=qichao}, {id=29, username=qichao}, {id=30, username=qichao}]
16:05:04.532 [http-nio-80-exec-4] INFO  c.q.c.ArticleController - [selectNameByArticle,70] - 作者信息查询成功，信息如→[{id=1, username=qichao}, {id=2, username=qichao}, {id=3, username=王杰}, {id=4, username=朱莹}, {id=5, username=qichao}, {id=6, username=qichao}, {id=7, username=qichao}, {id=8, username=qichao}, {id=9, username=qichao}, {id=10, username=qichao}, {id=11, username=王杰}, {id=12, username=王杰}, {id=13, username=qichao}, {id=14, username=王杰}, {id=15, username=qichao}, {id=16, username=朱莹}, {id=17, username=朱莹}, {id=18, username=王杰}, {id=19, username=王杰}, {id=20, username=qichao}, {id=21, username=qichao}, {id=22, username=qichao}, {id=23, username=qichao}, {id=24, username=qichao}, {id=25, username=qichao}, {id=26, username=qichao}, {id=27, username=qichao}, {id=28, username=qichao}, {id=29, username=qichao}, {id=30, username=qichao}]
16:05:45.212 [main] INFO  c.q.QcblogApplication - [logStarting,50] - Starting QcblogApplication on PC-20180928WXPZ with PID 18004 (D:\IDEA\qcblog\qcblog-web\target\classes started by Administrator in D:\IDEA\qcblog)
16:05:45.280 [main] INFO  c.q.QcblogApplication - [logStartupProfileInfo,659] - No active profile set, falling back to default profiles: default
16:05:53.986 [main] INFO  o.a.c.h.Http11NioProtocol - [log,180] - Initializing ProtocolHandler ["http-nio-80"]
16:05:54.004 [main] INFO  o.a.c.c.StandardService - [log,180] - Starting service [Tomcat]
16:05:54.005 [main] INFO  o.a.c.c.StandardEngine - [log,180] - Starting Servlet Engine: Apache Tomcat/8.5.29
16:05:54.017 [localhost-startStop-1] INFO  o.a.c.c.AprLifecycleListener - [log,180] - Loaded APR based Apache Tomcat Native library [1.2.17] using APR version [1.6.3].
16:05:54.018 [localhost-startStop-1] INFO  o.a.c.c.AprLifecycleListener - [log,180] - APR capabilities: IPv6 [true], sendfile [true], accept filters [false], random [true].
16:05:54.018 [localhost-startStop-1] INFO  o.a.c.c.AprLifecycleListener - [log,180] - APR/OpenSSL configuration: useAprConnector [false], useOpenSSL [true]
16:05:55.072 [localhost-startStop-1] INFO  o.a.c.c.AprLifecycleListener - [log,180] - OpenSSL successfully initialized [OpenSSL 1.0.2o  27 Mar 2018]
16:05:55.237 [localhost-startStop-1] INFO  o.a.c.c.C.[.[.[/] - [log,180] - Initializing Spring embedded WebApplicationContext
16:06:01.221 [main] INFO  o.a.c.h.Http11NioProtocol - [log,180] - Starting ProtocolHandler ["http-nio-80"]
16:06:01.264 [main] INFO  o.a.t.u.n.NioSelectorPool - [log,180] - Using a shared selector for servlet write/read
16:06:01.331 [main] INFO  c.q.QcblogApplication - [logStarted,59] - Started QcblogApplication in 17.724 seconds (JVM running for 19.205)
16:06:35.250 [http-nio-80-exec-1] INFO  o.a.c.c.C.[.[.[/] - [log,180] - Initializing Spring FrameworkServlet 'dispatcherServlet'
16:06:38.086 [http-nio-80-exec-9] INFO  c.z.h.HikariDataSource - [getConnection,110] - HikariPool-1 - Starting...
16:06:38.976 [http-nio-80-exec-9] INFO  c.z.h.HikariDataSource - [getConnection,123] - HikariPool-1 - Start completed.
16:06:39.335 [http-nio-80-exec-9] INFO  c.q.c.ArticleController - [selectNameByArticle,70] - 作者信息查询成功，信息如→[{id=1, username=qichao}, {id=2, username=qichao}, {id=3, username=王杰}, {id=4, username=朱莹}, {id=5, username=qichao}, {id=6, username=qichao}, {id=7, username=qichao}, {id=8, username=qichao}, {id=9, username=qichao}, {id=10, username=qichao}, {id=11, username=王杰}, {id=12, username=王杰}, {id=13, username=qichao}, {id=14, username=王杰}, {id=15, username=qichao}, {id=16, username=朱莹}, {id=17, username=朱莹}, {id=18, username=王杰}, {id=19, username=王杰}, {id=20, username=qichao}, {id=21, username=qichao}, {id=22, username=qichao}, {id=23, username=qichao}, {id=24, username=qichao}, {id=25, username=qichao}, {id=26, username=qichao}, {id=27, username=qichao}, {id=28, username=qichao}, {id=29, username=qichao}, {id=30, username=qichao}]
16:06:48.323 [http-nio-80-exec-6] INFO  i.l.c.EpollProvider - [info,101] - Starting without optional epoll library
16:06:48.334 [http-nio-80-exec-6] INFO  i.l.c.KqueueProvider - [info,101] - Starting without optional kqueue library
16:07:01.267 [http-nio-80-exec-7] INFO  c.q.c.MyUserDetailsService - [loadUserByUsername,56] - qichao角色权限为：[USER, 普通用户]
16:07:01.585 [http-nio-80-exec-7] INFO  c.q.c.LogicalController - [main,116] - 获取用户信息成功，信息如→com.qcblog.pojo.User@522b8b12
16:07:02.642 [http-nio-80-exec-10] INFO  c.q.c.ArticleController - [selectNameByArticle,70] - 作者信息查询成功，信息如→[{id=1, username=qichao}, {id=2, username=qichao}, {id=3, username=王杰}, {id=4, username=朱莹}, {id=5, username=qichao}, {id=6, username=qichao}, {id=7, username=qichao}, {id=8, username=qichao}, {id=9, username=qichao}, {id=10, username=qichao}, {id=11, username=王杰}, {id=12, username=王杰}, {id=13, username=qichao}, {id=14, username=王杰}, {id=15, username=qichao}, {id=16, username=朱莹}, {id=17, username=朱莹}, {id=18, username=王杰}, {id=19, username=王杰}, {id=20, username=qichao}, {id=21, username=qichao}, {id=22, username=qichao}, {id=23, username=qichao}, {id=24, username=qichao}, {id=25, username=qichao}, {id=26, username=qichao}, {id=27, username=qichao}, {id=28, username=qichao}, {id=29, username=qichao}, {id=30, username=qichao}]
16:07:05.597 [http-nio-80-exec-2] INFO  c.q.c.ArticleController - [selectNameByArticle,70] - 作者信息查询成功，信息如→[{id=1, username=qichao}, {id=2, username=qichao}, {id=3, username=王杰}, {id=4, username=朱莹}, {id=5, username=qichao}, {id=6, username=qichao}, {id=7, username=qichao}, {id=8, username=qichao}, {id=9, username=qichao}, {id=10, username=qichao}, {id=11, username=王杰}, {id=12, username=王杰}, {id=13, username=qichao}, {id=14, username=王杰}, {id=15, username=qichao}, {id=16, username=朱莹}, {id=17, username=朱莹}, {id=18, username=王杰}, {id=19, username=王杰}, {id=20, username=qichao}, {id=21, username=qichao}, {id=22, username=qichao}, {id=23, username=qichao}, {id=24, username=qichao}, {id=25, username=qichao}, {id=26, username=qichao}, {id=27, username=qichao}, {id=28, username=qichao}, {id=29, username=qichao}, {id=30, username=qichao}]
16:08:25.027 [main] INFO  c.q.QcblogApplication - [logStarting,50] - Starting QcblogApplication on PC-20180928WXPZ with PID 17560 (D:\IDEA\qcblog\qcblog-web\target\classes started by Administrator in D:\IDEA\qcblog)
16:08:25.058 [main] INFO  c.q.QcblogApplication - [logStartupProfileInfo,659] - No active profile set, falling back to default profiles: default
16:08:33.346 [main] INFO  o.a.c.h.Http11NioProtocol - [log,180] - Initializing ProtocolHandler ["http-nio-80"]
16:08:33.362 [main] INFO  o.a.c.c.StandardService - [log,180] - Starting service [Tomcat]
16:08:33.364 [main] INFO  o.a.c.c.StandardEngine - [log,180] - Starting Servlet Engine: Apache Tomcat/8.5.29
16:08:33.376 [localhost-startStop-1] INFO  o.a.c.c.AprLifecycleListener - [log,180] - Loaded APR based Apache Tomcat Native library [1.2.17] using APR version [1.6.3].
16:08:33.377 [localhost-startStop-1] INFO  o.a.c.c.AprLifecycleListener - [log,180] - APR capabilities: IPv6 [true], sendfile [true], accept filters [false], random [true].
16:08:33.377 [localhost-startStop-1] INFO  o.a.c.c.AprLifecycleListener - [log,180] - APR/OpenSSL configuration: useAprConnector [false], useOpenSSL [true]
16:08:34.431 [localhost-startStop-1] INFO  o.a.c.c.AprLifecycleListener - [log,180] - OpenSSL successfully initialized [OpenSSL 1.0.2o  27 Mar 2018]
16:08:34.596 [localhost-startStop-1] INFO  o.a.c.c.C.[.[.[/] - [log,180] - Initializing Spring embedded WebApplicationContext
16:08:39.645 [main] INFO  o.a.c.h.Http11NioProtocol - [log,180] - Starting ProtocolHandler ["http-nio-80"]
16:08:39.685 [main] INFO  o.a.t.u.n.NioSelectorPool - [log,180] - Using a shared selector for servlet write/read
16:08:39.752 [main] INFO  c.q.QcblogApplication - [logStarted,59] - Started QcblogApplication in 15.971 seconds (JVM running for 17.32)
16:09:40.926 [http-nio-80-exec-1] INFO  o.a.c.c.C.[.[.[/] - [log,180] - Initializing Spring FrameworkServlet 'dispatcherServlet'
16:09:43.106 [http-nio-80-exec-10] INFO  c.z.h.HikariDataSource - [getConnection,110] - HikariPool-1 - Starting...
16:09:43.892 [http-nio-80-exec-10] INFO  c.z.h.HikariDataSource - [getConnection,123] - HikariPool-1 - Start completed.
16:09:45.051 [http-nio-80-exec-10] INFO  c.q.c.ArticleController - [selectNameByArticle,70] - 作者信息查询成功，信息如→[{id=1, username=qichao}, {id=2, username=qichao}, {id=3, username=王杰}, {id=4, username=朱莹}, {id=5, username=qichao}, {id=6, username=qichao}, {id=7, username=qichao}, {id=8, username=qichao}, {id=9, username=qichao}, {id=10, username=qichao}, {id=11, username=王杰}, {id=12, username=王杰}, {id=13, username=qichao}, {id=14, username=王杰}, {id=15, username=qichao}, {id=16, username=朱莹}, {id=17, username=朱莹}, {id=18, username=王杰}, {id=19, username=王杰}, {id=20, username=qichao}, {id=21, username=qichao}, {id=22, username=qichao}, {id=23, username=qichao}, {id=24, username=qichao}, {id=25, username=qichao}, {id=26, username=qichao}, {id=27, username=qichao}, {id=28, username=qichao}, {id=29, username=qichao}, {id=30, username=qichao}]
16:09:55.650 [http-nio-80-exec-6] INFO  i.l.c.EpollProvider - [info,101] - Starting without optional epoll library
16:09:55.659 [http-nio-80-exec-6] INFO  i.l.c.KqueueProvider - [info,101] - Starting without optional kqueue library
16:10:11.431 [http-nio-80-exec-3] INFO  c.q.c.MyUserDetailsService - [loadUserByUsername,56] - qichao角色权限为：[USER, 普通用户]
16:10:11.792 [http-nio-80-exec-3] INFO  c.q.c.LogicalController - [main,116] - 获取用户信息成功，信息如→com.qcblog.pojo.User@525c4b44
16:10:12.822 [http-nio-80-exec-1] INFO  c.q.c.ArticleController - [selectNameByArticle,70] - 作者信息查询成功，信息如→[{id=1, username=qichao}, {id=2, username=qichao}, {id=3, username=王杰}, {id=4, username=朱莹}, {id=5, username=qichao}, {id=6, username=qichao}, {id=7, username=qichao}, {id=8, username=qichao}, {id=9, username=qichao}, {id=10, username=qichao}, {id=11, username=王杰}, {id=12, username=王杰}, {id=13, username=qichao}, {id=14, username=王杰}, {id=15, username=qichao}, {id=16, username=朱莹}, {id=17, username=朱莹}, {id=18, username=王杰}, {id=19, username=王杰}, {id=20, username=qichao}, {id=21, username=qichao}, {id=22, username=qichao}, {id=23, username=qichao}, {id=24, username=qichao}, {id=25, username=qichao}, {id=26, username=qichao}, {id=27, username=qichao}, {id=28, username=qichao}, {id=29, username=qichao}, {id=30, username=qichao}]
16:10:19.882 [http-nio-80-exec-3] INFO  c.q.c.ArticleController - [selectNameByArticle,70] - 作者信息查询成功，信息如→[{id=1, username=qichao}, {id=2, username=qichao}, {id=3, username=王杰}, {id=4, username=朱莹}, {id=5, username=qichao}, {id=6, username=qichao}, {id=7, username=qichao}, {id=8, username=qichao}, {id=9, username=qichao}, {id=10, username=qichao}, {id=11, username=王杰}, {id=12, username=王杰}, {id=13, username=qichao}, {id=14, username=王杰}, {id=15, username=qichao}, {id=16, username=朱莹}, {id=17, username=朱莹}, {id=18, username=王杰}, {id=19, username=王杰}, {id=20, username=qichao}, {id=21, username=qichao}, {id=22, username=qichao}, {id=23, username=qichao}, {id=24, username=qichao}, {id=25, username=qichao}, {id=26, username=qichao}, {id=27, username=qichao}, {id=28, username=qichao}, {id=29, username=qichao}, {id=30, username=qichao}]
16:11:22.842 [main] INFO  c.q.QcblogApplication - [logStarting,50] - Starting QcblogApplication on PC-20180928WXPZ with PID 7252 (D:\IDEA\qcblog\qcblog-web\target\classes started by Administrator in D:\IDEA\qcblog)
16:11:22.877 [main] INFO  c.q.QcblogApplication - [logStartupProfileInfo,659] - No active profile set, falling back to default profiles: default
16:11:30.562 [main] INFO  o.a.c.h.Http11NioProtocol - [log,180] - Initializing ProtocolHandler ["http-nio-80"]
16:11:30.587 [main] INFO  o.a.c.c.StandardService - [log,180] - Starting service [Tomcat]
16:11:30.588 [main] INFO  o.a.c.c.StandardEngine - [log,180] - Starting Servlet Engine: Apache Tomcat/8.5.29
16:11:30.602 [localhost-startStop-1] INFO  o.a.c.c.AprLifecycleListener - [log,180] - Loaded APR based Apache Tomcat Native library [1.2.17] using APR version [1.6.3].
16:11:30.602 [localhost-startStop-1] INFO  o.a.c.c.AprLifecycleListener - [log,180] - APR capabilities: IPv6 [true], sendfile [true], accept filters [false], random [true].
16:11:30.603 [localhost-startStop-1] INFO  o.a.c.c.AprLifecycleListener - [log,180] - APR/OpenSSL configuration: useAprConnector [false], useOpenSSL [true]
16:11:31.680 [localhost-startStop-1] INFO  o.a.c.c.AprLifecycleListener - [log,180] - OpenSSL successfully initialized [OpenSSL 1.0.2o  27 Mar 2018]
16:11:32.025 [localhost-startStop-1] INFO  o.a.c.c.C.[.[.[/] - [log,180] - Initializing Spring embedded WebApplicationContext
16:11:41.037 [main] INFO  o.a.c.h.Http11NioProtocol - [log,180] - Starting ProtocolHandler ["http-nio-80"]
16:11:41.094 [main] INFO  o.a.t.u.n.NioSelectorPool - [log,180] - Using a shared selector for servlet write/read
16:11:41.238 [main] INFO  c.q.QcblogApplication - [logStarted,59] - Started QcblogApplication in 19.816 seconds (JVM running for 21.634)
16:11:49.400 [main] INFO  c.q.QcblogApplication - [logStarting,50] - Starting QcblogApplication on PC-20180928WXPZ with PID 16776 (D:\IDEA\qcblog\qcblog-web\target\classes started by Administrator in D:\IDEA\qcblog)
16:11:49.419 [main] INFO  c.q.QcblogApplication - [logStartupProfileInfo,659] - No active profile set, falling back to default profiles: default
16:11:57.566 [main] INFO  o.a.c.h.Http11NioProtocol - [log,180] - Initializing ProtocolHandler ["http-nio-80"]
16:11:57.591 [main] INFO  o.a.c.c.StandardService - [log,180] - Starting service [Tomcat]
16:11:57.592 [main] INFO  o.a.c.c.StandardEngine - [log,180] - Starting Servlet Engine: Apache Tomcat/8.5.29
16:11:57.608 [localhost-startStop-1] INFO  o.a.c.c.AprLifecycleListener - [log,180] - Loaded APR based Apache Tomcat Native library [1.2.17] using APR version [1.6.3].
16:11:57.609 [localhost-startStop-1] INFO  o.a.c.c.AprLifecycleListener - [log,180] - APR capabilities: IPv6 [true], sendfile [true], accept filters [false], random [true].
16:11:57.609 [localhost-startStop-1] INFO  o.a.c.c.AprLifecycleListener - [log,180] - APR/OpenSSL configuration: useAprConnector [false], useOpenSSL [true]
16:11:58.678 [localhost-startStop-1] INFO  o.a.c.c.AprLifecycleListener - [log,180] - OpenSSL successfully initialized [OpenSSL 1.0.2o  27 Mar 2018]
16:11:58.910 [localhost-startStop-1] INFO  o.a.c.c.C.[.[.[/] - [log,180] - Initializing Spring embedded WebApplicationContext
16:12:05.683 [main] INFO  o.a.c.h.Http11NioProtocol - [log,180] - Starting ProtocolHandler ["http-nio-80"]
16:12:05.763 [main] INFO  o.a.t.u.n.NioSelectorPool - [log,180] - Using a shared selector for servlet write/read
16:12:05.823 [main] INFO  c.q.QcblogApplication - [logStarted,59] - Started QcblogApplication in 18.259 seconds (JVM running for 20.092)
16:12:13.365 [http-nio-80-exec-1] INFO  o.a.c.c.C.[.[.[/] - [log,180] - Initializing Spring FrameworkServlet 'dispatcherServlet'
16:12:22.041 [http-nio-80-exec-8] INFO  c.z.h.HikariDataSource - [getConnection,110] - HikariPool-1 - Starting...
16:12:24.734 [http-nio-80-exec-8] INFO  c.z.h.HikariDataSource - [getConnection,123] - HikariPool-1 - Start completed.
16:12:25.350 [http-nio-80-exec-8] INFO  c.q.c.ArticleController - [selectNameByArticle,70] - 作者信息查询成功，信息如→[{id=1, username=qichao}, {id=2, username=qichao}, {id=3, username=王杰}, {id=4, username=朱莹}, {id=5, username=qichao}, {id=6, username=qichao}, {id=7, username=qichao}, {id=8, username=qichao}, {id=9, username=qichao}, {id=10, username=qichao}, {id=11, username=王杰}, {id=12, username=王杰}, {id=13, username=qichao}, {id=14, username=王杰}, {id=15, username=qichao}, {id=16, username=朱莹}, {id=17, username=朱莹}, {id=18, username=王杰}, {id=19, username=王杰}, {id=20, username=qichao}, {id=21, username=qichao}, {id=22, username=qichao}, {id=23, username=qichao}, {id=24, username=qichao}, {id=25, username=qichao}, {id=26, username=qichao}, {id=27, username=qichao}, {id=28, username=qichao}, {id=29, username=qichao}, {id=30, username=qichao}]
16:12:29.301 [http-nio-80-exec-5] INFO  i.l.c.EpollProvider - [info,101] - Starting without optional epoll library
16:12:29.305 [http-nio-80-exec-5] INFO  i.l.c.KqueueProvider - [info,101] - Starting without optional kqueue library
16:12:41.782 [http-nio-80-exec-4] INFO  c.q.c.MyUserDetailsService - [loadUserByUsername,56] - qichao角色权限为：[USER, 普通用户]
16:12:43.456 [http-nio-80-exec-4] INFO  c.q.c.LogicalController - [main,116] - 获取用户信息成功，信息如→com.qcblog.pojo.User@3969a0d0
16:12:44.607 [http-nio-80-exec-9] INFO  c.q.c.ArticleController - [selectNameByArticle,70] - 作者信息查询成功，信息如→[{id=1, username=qichao}, {id=2, username=qichao}, {id=3, username=王杰}, {id=4, username=朱莹}, {id=5, username=qichao}, {id=6, username=qichao}, {id=7, username=qichao}, {id=8, username=qichao}, {id=9, username=qichao}, {id=10, username=qichao}, {id=11, username=王杰}, {id=12, username=王杰}, {id=13, username=qichao}, {id=14, username=王杰}, {id=15, username=qichao}, {id=16, username=朱莹}, {id=17, username=朱莹}, {id=18, username=王杰}, {id=19, username=王杰}, {id=20, username=qichao}, {id=21, username=qichao}, {id=22, username=qichao}, {id=23, username=qichao}, {id=24, username=qichao}, {id=25, username=qichao}, {id=26, username=qichao}, {id=27, username=qichao}, {id=28, username=qichao}, {id=29, username=qichao}, {id=30, username=qichao}]
16:12:49.048 [http-nio-80-exec-8] INFO  c.q.c.ArticleController - [selectNameByArticle,70] - 作者信息查询成功，信息如→[{id=1, username=qichao}, {id=2, username=qichao}, {id=3, username=王杰}, {id=4, username=朱莹}, {id=5, username=qichao}, {id=6, username=qichao}, {id=7, username=qichao}, {id=8, username=qichao}, {id=9, username=qichao}, {id=10, username=qichao}, {id=11, username=王杰}, {id=12, username=王杰}, {id=13, username=qichao}, {id=14, username=王杰}, {id=15, username=qichao}, {id=16, username=朱莹}, {id=17, username=朱莹}, {id=18, username=王杰}, {id=19, username=王杰}, {id=20, username=qichao}, {id=21, username=qichao}, {id=22, username=qichao}, {id=23, username=qichao}, {id=24, username=qichao}, {id=25, username=qichao}, {id=26, username=qichao}, {id=27, username=qichao}, {id=28, username=qichao}, {id=29, username=qichao}, {id=30, username=qichao}]
16:15:13.062 [main] INFO  c.q.QcblogApplication - [logStarting,50] - Starting QcblogApplication on PC-20180928WXPZ with PID 5364 (D:\IDEA\qcblog\qcblog-web\target\classes started by Administrator in D:\IDEA\qcblog)
16:15:13.080 [main] INFO  c.q.QcblogApplication - [logStartupProfileInfo,659] - No active profile set, falling back to default profiles: default
16:15:22.044 [main] INFO  o.a.c.h.Http11NioProtocol - [log,180] - Initializing ProtocolHandler ["http-nio-80"]
16:15:22.066 [main] INFO  o.a.c.c.StandardService - [log,180] - Starting service [Tomcat]
16:15:22.066 [main] INFO  o.a.c.c.StandardEngine - [log,180] - Starting Servlet Engine: Apache Tomcat/8.5.29
16:15:22.083 [localhost-startStop-1] INFO  o.a.c.c.AprLifecycleListener - [log,180] - Loaded APR based Apache Tomcat Native library [1.2.17] using APR version [1.6.3].
16:15:22.084 [localhost-startStop-1] INFO  o.a.c.c.AprLifecycleListener - [log,180] - APR capabilities: IPv6 [true], sendfile [true], accept filters [false], random [true].
16:15:22.084 [localhost-startStop-1] INFO  o.a.c.c.AprLifecycleListener - [log,180] - APR/OpenSSL configuration: useAprConnector [false], useOpenSSL [true]
16:15:23.155 [localhost-startStop-1] INFO  o.a.c.c.AprLifecycleListener - [log,180] - OpenSSL successfully initialized [OpenSSL 1.0.2o  27 Mar 2018]
16:15:23.322 [localhost-startStop-1] INFO  o.a.c.c.C.[.[.[/] - [log,180] - Initializing Spring embedded WebApplicationContext
16:15:30.236 [main] INFO  o.a.c.h.Http11NioProtocol - [log,180] - Starting ProtocolHandler ["http-nio-80"]
16:15:30.310 [main] INFO  o.a.t.u.n.NioSelectorPool - [log,180] - Using a shared selector for servlet write/read
16:15:30.382 [main] INFO  c.q.QcblogApplication - [logStarted,59] - Started QcblogApplication in 18.764 seconds (JVM running for 20.352)
16:15:41.050 [http-nio-80-exec-10] INFO  o.a.c.c.C.[.[.[/] - [log,180] - Initializing Spring FrameworkServlet 'dispatcherServlet'
16:15:43.624 [http-nio-80-exec-7] INFO  c.z.h.HikariDataSource - [getConnection,110] - HikariPool-1 - Starting...
16:15:44.786 [http-nio-80-exec-7] INFO  c.z.h.HikariDataSource - [getConnection,123] - HikariPool-1 - Start completed.
16:15:44.894 [http-nio-80-exec-7] INFO  c.q.c.ArticleController - [selectNameByArticle,70] - 作者信息查询成功，信息如→[{id=1, username=qichao}, {id=2, username=qichao}, {id=3, username=王杰}, {id=4, username=朱莹}, {id=5, username=qichao}, {id=6, username=qichao}, {id=7, username=qichao}, {id=8, username=qichao}, {id=9, username=qichao}, {id=10, username=qichao}, {id=11, username=王杰}, {id=12, username=王杰}, {id=13, username=qichao}, {id=14, username=王杰}, {id=15, username=qichao}, {id=16, username=朱莹}, {id=17, username=朱莹}, {id=18, username=王杰}, {id=19, username=王杰}, {id=20, username=qichao}, {id=21, username=qichao}, {id=22, username=qichao}, {id=23, username=qichao}, {id=24, username=qichao}, {id=25, username=qichao}, {id=26, username=qichao}, {id=27, username=qichao}, {id=28, username=qichao}, {id=29, username=qichao}, {id=30, username=qichao}]
16:15:49.351 [http-nio-80-exec-3] INFO  i.l.c.EpollProvider - [info,101] - Starting without optional epoll library
16:15:49.358 [http-nio-80-exec-3] INFO  i.l.c.KqueueProvider - [info,101] - Starting without optional kqueue library
16:16:00.010 [http-nio-80-exec-6] INFO  c.q.c.MyUserDetailsService - [loadUserByUsername,56] - qichao角色权限为：[USER, 普通用户]
16:16:00.272 [http-nio-80-exec-6] INFO  c.q.c.LogicalController - [main,116] - 获取用户信息成功，信息如→com.qcblog.pojo.User@3cf4cebf
16:16:01.542 [http-nio-80-exec-10] INFO  c.q.c.ArticleController - [selectNameByArticle,70] - 作者信息查询成功，信息如→[{id=1, username=qichao}, {id=2, username=qichao}, {id=3, username=王杰}, {id=4, username=朱莹}, {id=5, username=qichao}, {id=6, username=qichao}, {id=7, username=qichao}, {id=8, username=qichao}, {id=9, username=qichao}, {id=10, username=qichao}, {id=11, username=王杰}, {id=12, username=王杰}, {id=13, username=qichao}, {id=14, username=王杰}, {id=15, username=qichao}, {id=16, username=朱莹}, {id=17, username=朱莹}, {id=18, username=王杰}, {id=19, username=王杰}, {id=20, username=qichao}, {id=21, username=qichao}, {id=22, username=qichao}, {id=23, username=qichao}, {id=24, username=qichao}, {id=25, username=qichao}, {id=26, username=qichao}, {id=27, username=qichao}, {id=28, username=qichao}, {id=29, username=qichao}, {id=30, username=qichao}]
16:16:03.198 [http-nio-80-exec-4] INFO  c.q.c.ArticleController - [selectNameByArticle,70] - 作者信息查询成功，信息如→[{id=1, username=qichao}, {id=2, username=qichao}, {id=3, username=王杰}, {id=4, username=朱莹}, {id=5, username=qichao}, {id=6, username=qichao}, {id=7, username=qichao}, {id=8, username=qichao}, {id=9, username=qichao}, {id=10, username=qichao}, {id=11, username=王杰}, {id=12, username=王杰}, {id=13, username=qichao}, {id=14, username=王杰}, {id=15, username=qichao}, {id=16, username=朱莹}, {id=17, username=朱莹}, {id=18, username=王杰}, {id=19, username=王杰}, {id=20, username=qichao}, {id=21, username=qichao}, {id=22, username=qichao}, {id=23, username=qichao}, {id=24, username=qichao}, {id=25, username=qichao}, {id=26, username=qichao}, {id=27, username=qichao}, {id=28, username=qichao}, {id=29, username=qichao}, {id=30, username=qichao}]
17:08:15.277 [main] INFO  c.q.QcblogApplication - [logStarting,50] - Starting QcblogApplication on PC-20180928WXPZ with PID 232 (D:\IDEA\qcblog\qcblog-web\target\classes started by Administrator in D:\IDEA\qcblog)
17:08:15.288 [main] INFO  c.q.QcblogApplication - [logStartupProfileInfo,659] - No active profile set, falling back to default profiles: default
17:08:24.760 [main] INFO  o.a.c.h.Http11NioProtocol - [log,180] - Initializing ProtocolHandler ["http-nio-80"]
17:08:24.798 [main] INFO  o.a.c.c.StandardService - [log,180] - Starting service [Tomcat]
17:08:24.799 [main] INFO  o.a.c.c.StandardEngine - [log,180] - Starting Servlet Engine: Apache Tomcat/8.5.29
17:08:24.815 [localhost-startStop-1] INFO  o.a.c.c.AprLifecycleListener - [log,180] - Loaded APR based Apache Tomcat Native library [1.2.17] using APR version [1.6.3].
17:08:24.815 [localhost-startStop-1] INFO  o.a.c.c.AprLifecycleListener - [log,180] - APR capabilities: IPv6 [true], sendfile [true], accept filters [false], random [true].
17:08:24.815 [localhost-startStop-1] INFO  o.a.c.c.AprLifecycleListener - [log,180] - APR/OpenSSL configuration: useAprConnector [false], useOpenSSL [true]
17:08:25.903 [localhost-startStop-1] INFO  o.a.c.c.AprLifecycleListener - [log,180] - OpenSSL successfully initialized [OpenSSL 1.0.2o  27 Mar 2018]
17:08:26.093 [localhost-startStop-1] INFO  o.a.c.c.C.[.[.[/] - [log,180] - Initializing Spring embedded WebApplicationContext
17:08:33.809 [main] INFO  o.a.c.h.Http11NioProtocol - [log,180] - Starting ProtocolHandler ["http-nio-80"]
17:08:33.851 [main] INFO  o.a.t.u.n.NioSelectorPool - [log,180] - Using a shared selector for servlet write/read
17:08:33.943 [main] INFO  c.q.QcblogApplication - [logStarted,59] - Started QcblogApplication in 20.344 seconds (JVM running for 21.966)
17:31:24.436 [http-nio-80-exec-10] INFO  o.a.c.c.C.[.[.[/] - [log,180] - Initializing Spring FrameworkServlet 'dispatcherServlet'
17:31:27.595 [http-nio-80-exec-2] INFO  c.z.h.HikariDataSource - [getConnection,110] - HikariPool-1 - Starting...
17:31:28.682 [http-nio-80-exec-2] INFO  c.z.h.HikariDataSource - [getConnection,123] - HikariPool-1 - Start completed.
17:31:29.292 [http-nio-80-exec-2] INFO  c.q.c.ArticleController - [selectNameByArticle,70] - 作者信息查询成功，信息如→[{id=1, username=qichao}, {id=2, username=qichao}, {id=3, username=王杰}, {id=4, username=朱莹}, {id=5, username=qichao}, {id=6, username=qichao}, {id=7, username=qichao}, {id=8, username=qichao}, {id=9, username=qichao}, {id=10, username=qichao}, {id=11, username=王杰}, {id=12, username=王杰}, {id=13, username=qichao}, {id=14, username=王杰}, {id=15, username=qichao}, {id=16, username=朱莹}, {id=17, username=朱莹}, {id=18, username=王杰}, {id=19, username=王杰}, {id=20, username=qichao}, {id=21, username=qichao}, {id=22, username=qichao}, {id=23, username=qichao}, {id=24, username=qichao}, {id=25, username=qichao}, {id=26, username=qichao}, {id=27, username=qichao}, {id=28, username=qichao}, {id=29, username=qichao}, {id=30, username=qichao}]
17:31:37.260 [http-nio-80-exec-2] INFO  i.l.c.EpollProvider - [info,101] - Starting without optional epoll library
17:31:37.264 [http-nio-80-exec-2] INFO  i.l.c.KqueueProvider - [info,101] - Starting without optional kqueue library
17:31:49.920 [http-nio-80-exec-7] INFO  c.q.c.MyUserDetailsService - [loadUserByUsername,56] - qichao角色权限为：[USER, 普通用户]
17:31:50.274 [http-nio-80-exec-7] INFO  c.q.c.LogicalController - [main,116] - 获取用户信息成功，信息如→com.qcblog.pojo.User@2334c89b
17:31:51.371 [http-nio-80-exec-3] INFO  c.q.c.ArticleController - [selectNameByArticle,70] - 作者信息查询成功，信息如→[{id=1, username=qichao}, {id=2, username=qichao}, {id=3, username=王杰}, {id=4, username=朱莹}, {id=5, username=qichao}, {id=6, username=qichao}, {id=7, username=qichao}, {id=8, username=qichao}, {id=9, username=qichao}, {id=10, username=qichao}, {id=11, username=王杰}, {id=12, username=王杰}, {id=13, username=qichao}, {id=14, username=王杰}, {id=15, username=qichao}, {id=16, username=朱莹}, {id=17, username=朱莹}, {id=18, username=王杰}, {id=19, username=王杰}, {id=20, username=qichao}, {id=21, username=qichao}, {id=22, username=qichao}, {id=23, username=qichao}, {id=24, username=qichao}, {id=25, username=qichao}, {id=26, username=qichao}, {id=27, username=qichao}, {id=28, username=qichao}, {id=29, username=qichao}, {id=30, username=qichao}]
17:31:53.939 [http-nio-80-exec-3] INFO  c.q.c.ArticleController - [selectNameByArticle,70] - 作者信息查询成功，信息如→[{id=1, username=qichao}, {id=2, username=qichao}, {id=3, username=王杰}, {id=4, username=朱莹}, {id=5, username=qichao}, {id=6, username=qichao}, {id=7, username=qichao}, {id=8, username=qichao}, {id=9, username=qichao}, {id=10, username=qichao}, {id=11, username=王杰}, {id=12, username=王杰}, {id=13, username=qichao}, {id=14, username=王杰}, {id=15, username=qichao}, {id=16, username=朱莹}, {id=17, username=朱莹}, {id=18, username=王杰}, {id=19, username=王杰}, {id=20, username=qichao}, {id=21, username=qichao}, {id=22, username=qichao}, {id=23, username=qichao}, {id=24, username=qichao}, {id=25, username=qichao}, {id=26, username=qichao}, {id=27, username=qichao}, {id=28, username=qichao}, {id=29, username=qichao}, {id=30, username=qichao}]
17:33:52.340 [http-nio-80-exec-6] INFO  c.q.c.ArticleController - [selectNameByArticle,70] - 作者信息查询成功，信息如→[{id=1, username=qichao}, {id=2, username=qichao}, {id=3, username=王杰}, {id=4, username=朱莹}, {id=5, username=qichao}, {id=6, username=qichao}, {id=7, username=qichao}, {id=8, username=qichao}, {id=9, username=qichao}, {id=10, username=qichao}, {id=11, username=王杰}, {id=12, username=王杰}, {id=13, username=qichao}, {id=14, username=王杰}, {id=15, username=qichao}, {id=16, username=朱莹}, {id=17, username=朱莹}, {id=18, username=王杰}, {id=19, username=王杰}, {id=20, username=qichao}, {id=21, username=qichao}, {id=22, username=qichao}, {id=23, username=qichao}, {id=24, username=qichao}, {id=25, username=qichao}, {id=26, username=qichao}, {id=27, username=qichao}, {id=28, username=qichao}, {id=29, username=qichao}, {id=30, username=qichao}]
17:43:15.425 [http-nio-80-exec-5] INFO  c.q.c.LogicalController - [signout,78] - 获取退出用户信息成功，信息如→com.qcblog.pojo.User@94d5b04
17:43:19.525 [http-nio-80-exec-5] INFO  c.q.c.ArticleController - [selectNameByArticle,70] - 作者信息查询成功，信息如→[{id=1, username=qichao}, {id=2, username=qichao}, {id=3, username=王杰}, {id=4, username=朱莹}, {id=5, username=qichao}, {id=6, username=qichao}, {id=7, username=qichao}, {id=8, username=qichao}, {id=9, username=qichao}, {id=10, username=qichao}, {id=11, username=王杰}, {id=12, username=王杰}, {id=13, username=qichao}, {id=14, username=王杰}, {id=15, username=qichao}, {id=16, username=朱莹}, {id=17, username=朱莹}, {id=18, username=王杰}, {id=19, username=王杰}, {id=20, username=qichao}, {id=21, username=qichao}, {id=22, username=qichao}, {id=23, username=qichao}, {id=24, username=qichao}, {id=25, username=qichao}, {id=26, username=qichao}, {id=27, username=qichao}, {id=28, username=qichao}, {id=29, username=qichao}, {id=30, username=qichao}]
17:45:09.698 [lettuce-eventExecutorLoop-1-2] INFO  i.l.c.p.ConnectionWatchdog - [info,106] - Reconnecting, last destination was /123.206.28.102:6380
17:45:09.715 [lettuce-nioEventLoop-4-2] INFO  i.l.c.p.ReconnectionHandler - [info,106] - Reconnected to 123.206.28.102:6380
17:45:19.767 [http-nio-80-exec-9] INFO  c.q.c.MyUserDetailsService - [loadUserByUsername,56] - 王杰角色权限为：[USER, 普通用户]
17:45:20.033 [http-nio-80-exec-9] INFO  c.q.c.LogicalController - [main,116] - 获取用户信息成功，信息如→com.qcblog.pojo.User@25ea43ac
17:45:20.715 [http-nio-80-exec-8] INFO  c.q.c.ArticleController - [selectNameByArticle,70] - 作者信息查询成功，信息如→[{id=1, username=qichao}, {id=2, username=qichao}, {id=3, username=王杰}, {id=4, username=朱莹}, {id=5, username=qichao}, {id=6, username=qichao}, {id=7, username=qichao}, {id=8, username=qichao}, {id=9, username=qichao}, {id=10, username=qichao}, {id=11, username=王杰}, {id=12, username=王杰}, {id=13, username=qichao}, {id=14, username=王杰}, {id=15, username=qichao}, {id=16, username=朱莹}, {id=17, username=朱莹}, {id=18, username=王杰}, {id=19, username=王杰}, {id=20, username=qichao}, {id=21, username=qichao}, {id=22, username=qichao}, {id=23, username=qichao}, {id=24, username=qichao}, {id=25, username=qichao}, {id=26, username=qichao}, {id=27, username=qichao}, {id=28, username=qichao}, {id=29, username=qichao}, {id=30, username=qichao}]
17:45:22.850 [http-nio-80-exec-9] INFO  c.q.c.ArticleController - [selectNameByArticle,70] - 作者信息查询成功，信息如→[{id=1, username=qichao}, {id=2, username=qichao}, {id=3, username=王杰}, {id=4, username=朱莹}, {id=5, username=qichao}, {id=6, username=qichao}, {id=7, username=qichao}, {id=8, username=qichao}, {id=9, username=qichao}, {id=10, username=qichao}, {id=11, username=王杰}, {id=12, username=王杰}, {id=13, username=qichao}, {id=14, username=王杰}, {id=15, username=qichao}, {id=16, username=朱莹}, {id=17, username=朱莹}, {id=18, username=王杰}, {id=19, username=王杰}, {id=20, username=qichao}, {id=21, username=qichao}, {id=22, username=qichao}, {id=23, username=qichao}, {id=24, username=qichao}, {id=25, username=qichao}, {id=26, username=qichao}, {id=27, username=qichao}, {id=28, username=qichao}, {id=29, username=qichao}, {id=30, username=qichao}]
20:02:56.009 [main] INFO  c.q.QcblogApplication - [logStarting,50] - Starting QcblogApplication on PC-20180928WXPZ with PID 17036 (D:\IDEA\qcblog\qcblog-web\target\classes started by Administrator in D:\IDEA\qcblog)
20:02:56.041 [main] INFO  c.q.QcblogApplication - [logStartupProfileInfo,659] - No active profile set, falling back to default profiles: default
20:03:08.781 [main] INFO  o.a.c.h.Http11NioProtocol - [log,180] - Initializing ProtocolHandler ["http-nio-80"]
20:03:08.825 [main] INFO  o.a.c.c.StandardService - [log,180] - Starting service [Tomcat]
20:03:08.826 [main] INFO  o.a.c.c.StandardEngine - [log,180] - Starting Servlet Engine: Apache Tomcat/8.5.29
20:03:08.847 [localhost-startStop-1] INFO  o.a.c.c.AprLifecycleListener - [log,180] - Loaded APR based Apache Tomcat Native library [1.2.17] using APR version [1.6.3].
20:03:08.848 [localhost-startStop-1] INFO  o.a.c.c.AprLifecycleListener - [log,180] - APR capabilities: IPv6 [true], sendfile [true], accept filters [false], random [true].
20:03:08.848 [localhost-startStop-1] INFO  o.a.c.c.AprLifecycleListener - [log,180] - APR/OpenSSL configuration: useAprConnector [false], useOpenSSL [true]
20:03:09.913 [localhost-startStop-1] INFO  o.a.c.c.AprLifecycleListener - [log,180] - OpenSSL successfully initialized [OpenSSL 1.0.2o  27 Mar 2018]
20:03:10.104 [localhost-startStop-1] INFO  o.a.c.c.C.[.[.[/] - [log,180] - Initializing Spring embedded WebApplicationContext
20:03:16.024 [main] INFO  o.a.c.h.Http11NioProtocol - [log,180] - Starting ProtocolHandler ["http-nio-80"]
20:03:16.060 [main] INFO  o.a.t.u.n.NioSelectorPool - [log,180] - Using a shared selector for servlet write/read
20:03:16.110 [main] INFO  c.q.QcblogApplication - [logStarted,59] - Started QcblogApplication in 21.724 seconds (JVM running for 24.539)
20:03:59.440 [http-nio-80-exec-1] INFO  o.a.c.c.C.[.[.[/] - [log,180] - Initializing Spring FrameworkServlet 'dispatcherServlet'
20:04:02.394 [http-nio-80-exec-3] INFO  c.z.h.HikariDataSource - [getConnection,110] - HikariPool-1 - Starting...
20:04:03.348 [http-nio-80-exec-3] INFO  c.z.h.HikariDataSource - [getConnection,123] - HikariPool-1 - Start completed.
20:04:03.873 [http-nio-80-exec-3] INFO  c.q.c.ArticleController - [selectNameByArticle,70] - 作者信息查询成功，信息如→[{id=1, username=qichao}, {id=2, username=qichao}, {id=3, username=王杰}, {id=4, username=朱莹}, {id=5, username=qichao}, {id=6, username=qichao}, {id=7, username=qichao}, {id=8, username=qichao}, {id=9, username=qichao}, {id=10, username=qichao}, {id=11, username=王杰}, {id=12, username=王杰}, {id=13, username=qichao}, {id=14, username=王杰}, {id=15, username=qichao}, {id=16, username=朱莹}, {id=17, username=朱莹}, {id=18, username=王杰}, {id=19, username=王杰}, {id=20, username=qichao}, {id=21, username=qichao}, {id=22, username=qichao}, {id=23, username=qichao}, {id=24, username=qichao}, {id=25, username=qichao}, {id=26, username=qichao}, {id=27, username=qichao}, {id=28, username=qichao}, {id=29, username=qichao}, {id=30, username=qichao}]
20:04:46.062 [http-nio-80-exec-2] INFO  i.l.c.EpollProvider - [info,101] - Starting without optional epoll library
20:04:46.072 [http-nio-80-exec-2] INFO  i.l.c.KqueueProvider - [info,101] - Starting without optional kqueue library
20:05:00.231 [http-nio-80-exec-9] INFO  c.q.c.MyUserDetailsService - [loadUserByUsername,56] - qichao角色权限为：[USER, 普通用户]
20:05:00.554 [http-nio-80-exec-9] INFO  c.q.c.LogicalController - [main,116] - 获取用户信息成功，信息如→com.qcblog.pojo.User@635aaeb0
20:05:01.595 [http-nio-80-exec-4] INFO  c.q.c.ArticleController - [selectNameByArticle,70] - 作者信息查询成功，信息如→[{id=1, username=qichao}, {id=2, username=qichao}, {id=3, username=王杰}, {id=4, username=朱莹}, {id=5, username=qichao}, {id=6, username=qichao}, {id=7, username=qichao}, {id=8, username=qichao}, {id=9, username=qichao}, {id=10, username=qichao}, {id=11, username=王杰}, {id=12, username=王杰}, {id=13, username=qichao}, {id=14, username=王杰}, {id=15, username=qichao}, {id=16, username=朱莹}, {id=17, username=朱莹}, {id=18, username=王杰}, {id=19, username=王杰}, {id=20, username=qichao}, {id=21, username=qichao}, {id=22, username=qichao}, {id=23, username=qichao}, {id=24, username=qichao}, {id=25, username=qichao}, {id=26, username=qichao}, {id=27, username=qichao}, {id=28, username=qichao}, {id=29, username=qichao}, {id=30, username=qichao}]
20:08:20.811 [http-nio-80-exec-6] INFO  c.q.c.ArticleController - [selectNameByArticle,70] - 作者信息查询成功，信息如→[{id=1, username=qichao}, {id=2, username=qichao}, {id=3, username=王杰}, {id=4, username=朱莹}, {id=5, username=qichao}, {id=6, username=qichao}, {id=7, username=qichao}, {id=8, username=qichao}, {id=9, username=qichao}, {id=10, username=qichao}, {id=11, username=王杰}, {id=12, username=王杰}, {id=13, username=qichao}, {id=14, username=王杰}, {id=15, username=qichao}, {id=16, username=朱莹}, {id=17, username=朱莹}, {id=18, username=王杰}, {id=19, username=王杰}, {id=20, username=qichao}, {id=21, username=qichao}, {id=22, username=qichao}, {id=23, username=qichao}, {id=24, username=qichao}, {id=25, username=qichao}, {id=26, username=qichao}, {id=27, username=qichao}, {id=28, username=qichao}, {id=29, username=qichao}, {id=30, username=qichao}]
20:08:31.326 [http-nio-80-exec-6] INFO  c.q.c.ArticleController - [selectNameByArticle,70] - 作者信息查询成功，信息如→[{id=1, username=qichao}, {id=2, username=qichao}, {id=3, username=王杰}, {id=4, username=朱莹}, {id=5, username=qichao}, {id=6, username=qichao}, {id=7, username=qichao}, {id=8, username=qichao}, {id=9, username=qichao}, {id=10, username=qichao}, {id=11, username=王杰}, {id=12, username=王杰}, {id=13, username=qichao}, {id=14, username=王杰}, {id=15, username=qichao}, {id=16, username=朱莹}, {id=17, username=朱莹}, {id=18, username=王杰}, {id=19, username=王杰}, {id=20, username=qichao}, {id=21, username=qichao}, {id=22, username=qichao}, {id=23, username=qichao}, {id=24, username=qichao}, {id=25, username=qichao}, {id=26, username=qichao}, {id=27, username=qichao}, {id=28, username=qichao}, {id=29, username=qichao}, {id=30, username=qichao}]
20:09:42.614 [http-nio-80-exec-4] INFO  c.q.c.ArticleController - [selectNameByArticle,70] - 作者信息查询成功，信息如→[{id=1, username=qichao}, {id=2, username=qichao}, {id=3, username=王杰}, {id=4, username=朱莹}, {id=5, username=qichao}, {id=6, username=qichao}, {id=7, username=qichao}, {id=8, username=qichao}, {id=9, username=qichao}, {id=10, username=qichao}, {id=11, username=王杰}, {id=12, username=王杰}, {id=13, username=qichao}, {id=14, username=王杰}, {id=15, username=qichao}, {id=16, username=朱莹}, {id=17, username=朱莹}, {id=18, username=王杰}, {id=19, username=王杰}, {id=20, username=qichao}, {id=21, username=qichao}, {id=22, username=qichao}, {id=23, username=qichao}, {id=24, username=qichao}, {id=25, username=qichao}, {id=26, username=qichao}, {id=27, username=qichao}, {id=28, username=qichao}, {id=29, username=qichao}, {id=30, username=qichao}]
20:11:46.855 [http-nio-80-exec-3] INFO  c.q.c.ArticleController - [selectNameByArticle,70] - 作者信息查询成功，信息如→[{id=1, username=qichao}, {id=2, username=qichao}, {id=3, username=王杰}, {id=4, username=朱莹}, {id=5, username=qichao}, {id=6, username=qichao}, {id=7, username=qichao}, {id=8, username=qichao}, {id=9, username=qichao}, {id=10, username=qichao}, {id=11, username=王杰}, {id=12, username=王杰}, {id=13, username=qichao}, {id=14, username=王杰}, {id=15, username=qichao}, {id=16, username=朱莹}, {id=17, username=朱莹}, {id=18, username=王杰}, {id=19, username=王杰}, {id=20, username=qichao}, {id=21, username=qichao}, {id=22, username=qichao}, {id=23, username=qichao}, {id=24, username=qichao}, {id=25, username=qichao}, {id=26, username=qichao}, {id=27, username=qichao}, {id=28, username=qichao}, {id=29, username=qichao}, {id=30, username=qichao}]
