11:15:40.924 [main] INFO  c.q.QcblogApplication - [logStarting,50] - Starting QcblogApplication on PC-20180928WXPZ with PID 3376 (D:\IDEA\qcblog\qcblog-web\target\classes started by Administrator in D:\IDEA\qcblog)
11:15:40.953 [main] INFO  c.q.QcblogApplication - [logStartupProfileInfo,659] - No active profile set, falling back to default profiles: default
11:15:50.501 [main] INFO  o.a.c.h.Http11NioProtocol - [log,180] - Initializing ProtocolHandler ["http-nio-80"]
11:15:50.531 [main] INFO  o.a.c.c.StandardService - [log,180] - Starting service [Tomcat]
11:15:50.532 [main] INFO  o.a.c.c.StandardEngine - [log,180] - Starting Servlet Engine: Apache Tomcat/8.5.29
11:15:50.551 [localhost-startStop-1] INFO  o.a.c.c.AprLifecycleListener - [log,180] - Loaded APR based Apache Tomcat Native library [1.2.17] using APR version [1.6.3].
11:15:50.552 [localhost-startStop-1] INFO  o.a.c.c.AprLifecycleListener - [log,180] - APR capabilities: IPv6 [true], sendfile [true], accept filters [false], random [true].
11:15:50.552 [localhost-startStop-1] INFO  o.a.c.c.AprLifecycleListener - [log,180] - APR/OpenSSL configuration: useAprConnector [false], useOpenSSL [true]
11:15:51.631 [localhost-startStop-1] INFO  o.a.c.c.AprLifecycleListener - [log,180] - OpenSSL successfully initialized [OpenSSL 1.0.2o  27 Mar 2018]
11:15:51.829 [localhost-startStop-1] INFO  o.a.c.c.C.[.[.[/] - [log,180] - Initializing Spring embedded WebApplicationContext
11:15:59.671 [main] INFO  o.a.c.h.Http11NioProtocol - [log,180] - Starting ProtocolHandler ["http-nio-80"]
11:15:59.721 [main] INFO  o.a.t.u.n.NioSelectorPool - [log,180] - Using a shared selector for servlet write/read
11:15:59.789 [main] INFO  c.q.QcblogApplication - [logStarted,59] - Started QcblogApplication in 20.987 seconds (JVM running for 23.282)
11:16:41.682 [http-nio-80-exec-1] INFO  o.a.c.c.C.[.[.[/] - [log,180] - Initializing Spring FrameworkServlet 'dispatcherServlet'
11:16:45.421 [http-nio-80-exec-6] INFO  c.z.h.HikariDataSource - [getConnection,110] - HikariPool-1 - Starting...
11:16:46.348 [http-nio-80-exec-6] INFO  c.z.h.HikariDataSource - [getConnection,123] - HikariPool-1 - Start completed.
11:16:46.963 [http-nio-80-exec-6] INFO  c.q.c.ArticleController - [selectNameByArticle,70] - 作者信息查询成功，信息如→[{id=1, username=qichao}, {id=2, username=qichao}, {id=3, username=王杰}, {id=4, username=朱莹}, {id=5, username=qichao}, {id=6, username=qichao}, {id=7, username=qichao}, {id=8, username=qichao}, {id=9, username=qichao}, {id=10, username=qichao}, {id=11, username=王杰}, {id=12, username=王杰}, {id=13, username=qichao}, {id=14, username=王杰}, {id=15, username=qichao}, {id=16, username=朱莹}, {id=17, username=朱莹}, {id=18, username=王杰}, {id=19, username=王杰}, {id=20, username=qichao}, {id=21, username=qichao}, {id=22, username=qichao}, {id=23, username=qichao}, {id=24, username=qichao}, {id=25, username=qichao}, {id=26, username=qichao}, {id=27, username=qichao}, {id=28, username=qichao}, {id=29, username=qichao}, {id=30, username=qichao}]
11:16:59.531 [http-nio-80-exec-2] INFO  i.l.c.EpollProvider - [info,101] - Starting without optional epoll library
11:16:59.536 [http-nio-80-exec-2] INFO  i.l.c.KqueueProvider - [info,101] - Starting without optional kqueue library
11:17:11.611 [http-nio-80-exec-1] INFO  c.q.c.MyUserDetailsService - [loadUserByUsername,56] - qichao角色权限为：[USER, 普通用户]
11:17:12.147 [http-nio-80-exec-1] INFO  c.q.c.LogicalController - [main,116] - 获取用户信息成功，信息如→com.qcblog.pojo.User@77753705
11:17:13.672 [http-nio-80-exec-10] INFO  c.q.c.ArticleController - [selectNameByArticle,70] - 作者信息查询成功，信息如→[{id=1, username=qichao}, {id=2, username=qichao}, {id=3, username=王杰}, {id=4, username=朱莹}, {id=5, username=qichao}, {id=6, username=qichao}, {id=7, username=qichao}, {id=8, username=qichao}, {id=9, username=qichao}, {id=10, username=qichao}, {id=11, username=王杰}, {id=12, username=王杰}, {id=13, username=qichao}, {id=14, username=王杰}, {id=15, username=qichao}, {id=16, username=朱莹}, {id=17, username=朱莹}, {id=18, username=王杰}, {id=19, username=王杰}, {id=20, username=qichao}, {id=21, username=qichao}, {id=22, username=qichao}, {id=23, username=qichao}, {id=24, username=qichao}, {id=25, username=qichao}, {id=26, username=qichao}, {id=27, username=qichao}, {id=28, username=qichao}, {id=29, username=qichao}, {id=30, username=qichao}]
11:17:18.821 [http-nio-80-exec-10] INFO  c.q.c.ArticleController - [selectNameByArticle,70] - 作者信息查询成功，信息如→[{id=1, username=qichao}, {id=2, username=qichao}, {id=3, username=王杰}, {id=4, username=朱莹}, {id=5, username=qichao}, {id=6, username=qichao}, {id=7, username=qichao}, {id=8, username=qichao}, {id=9, username=qichao}, {id=10, username=qichao}, {id=11, username=王杰}, {id=12, username=王杰}, {id=13, username=qichao}, {id=14, username=王杰}, {id=15, username=qichao}, {id=16, username=朱莹}, {id=17, username=朱莹}, {id=18, username=王杰}, {id=19, username=王杰}, {id=20, username=qichao}, {id=21, username=qichao}, {id=22, username=qichao}, {id=23, username=qichao}, {id=24, username=qichao}, {id=25, username=qichao}, {id=26, username=qichao}, {id=27, username=qichao}, {id=28, username=qichao}, {id=29, username=qichao}, {id=30, username=qichao}]
11:17:49.139 [http-nio-80-exec-1] INFO  c.q.c.ArticleController - [selectNameByArticle,70] - 作者信息查询成功，信息如→[{id=1, username=qichao}, {id=2, username=qichao}, {id=3, username=王杰}, {id=4, username=朱莹}, {id=5, username=qichao}, {id=6, username=qichao}, {id=7, username=qichao}, {id=8, username=qichao}, {id=9, username=qichao}, {id=10, username=qichao}, {id=11, username=王杰}, {id=12, username=王杰}, {id=13, username=qichao}, {id=14, username=王杰}, {id=15, username=qichao}, {id=16, username=朱莹}, {id=17, username=朱莹}, {id=18, username=王杰}, {id=19, username=王杰}, {id=20, username=qichao}, {id=21, username=qichao}, {id=22, username=qichao}, {id=23, username=qichao}, {id=24, username=qichao}, {id=25, username=qichao}, {id=26, username=qichao}, {id=27, username=qichao}, {id=28, username=qichao}, {id=29, username=qichao}, {id=30, username=qichao}]
11:18:11.408 [http-nio-80-exec-8] INFO  c.q.c.ArticleController - [selectNameByArticle,70] - 作者信息查询成功，信息如→[{id=1, username=qichao}, {id=2, username=qichao}, {id=3, username=王杰}, {id=4, username=朱莹}, {id=5, username=qichao}, {id=6, username=qichao}, {id=7, username=qichao}, {id=8, username=qichao}, {id=9, username=qichao}, {id=10, username=qichao}, {id=11, username=王杰}, {id=12, username=王杰}, {id=13, username=qichao}, {id=14, username=王杰}, {id=15, username=qichao}, {id=16, username=朱莹}, {id=17, username=朱莹}, {id=18, username=王杰}, {id=19, username=王杰}, {id=20, username=qichao}, {id=21, username=qichao}, {id=22, username=qichao}, {id=23, username=qichao}, {id=24, username=qichao}, {id=25, username=qichao}, {id=26, username=qichao}, {id=27, username=qichao}, {id=28, username=qichao}, {id=29, username=qichao}, {id=30, username=qichao}]
11:18:28.453 [http-nio-80-exec-3] INFO  c.q.c.ArticleController - [selectNameByArticle,70] - 作者信息查询成功，信息如→[{id=1, username=qichao}, {id=2, username=qichao}, {id=3, username=王杰}, {id=4, username=朱莹}, {id=5, username=qichao}, {id=6, username=qichao}, {id=7, username=qichao}, {id=8, username=qichao}, {id=9, username=qichao}, {id=10, username=qichao}, {id=11, username=王杰}, {id=12, username=王杰}, {id=13, username=qichao}, {id=14, username=王杰}, {id=15, username=qichao}, {id=16, username=朱莹}, {id=17, username=朱莹}, {id=18, username=王杰}, {id=19, username=王杰}, {id=20, username=qichao}, {id=21, username=qichao}, {id=22, username=qichao}, {id=23, username=qichao}, {id=24, username=qichao}, {id=25, username=qichao}, {id=26, username=qichao}, {id=27, username=qichao}, {id=28, username=qichao}, {id=29, username=qichao}, {id=30, username=qichao}]
11:30:59.585 [http-nio-80-exec-2] INFO  c.q.c.ArticleController - [selectNameByArticle,70] - 作者信息查询成功，信息如→[{id=1, username=qichao}, {id=2, username=qichao}, {id=3, username=王杰}, {id=4, username=朱莹}, {id=5, username=qichao}, {id=6, username=qichao}, {id=7, username=qichao}, {id=8, username=qichao}, {id=9, username=qichao}, {id=10, username=qichao}, {id=11, username=王杰}, {id=12, username=王杰}, {id=13, username=qichao}, {id=14, username=王杰}, {id=15, username=qichao}, {id=16, username=朱莹}, {id=17, username=朱莹}, {id=18, username=王杰}, {id=19, username=王杰}, {id=20, username=qichao}, {id=21, username=qichao}, {id=22, username=qichao}, {id=23, username=qichao}, {id=24, username=qichao}, {id=25, username=qichao}, {id=26, username=qichao}, {id=27, username=qichao}, {id=28, username=qichao}, {id=29, username=qichao}, {id=30, username=qichao}]
13:28:25.163 [main] INFO  c.q.QcblogApplication - [logStarting,50] - Starting QcblogApplication on PC-20180928WXPZ with PID 13528 (D:\IDEA\qcblog\qcblog-web\target\classes started by Administrator in D:\IDEA\qcblog)
13:28:25.175 [main] INFO  c.q.QcblogApplication - [logStartupProfileInfo,659] - No active profile set, falling back to default profiles: default
13:28:34.959 [main] INFO  o.a.c.h.Http11NioProtocol - [log,180] - Initializing ProtocolHandler ["http-nio-80"]
13:28:34.998 [main] INFO  o.a.c.c.StandardService - [log,180] - Starting service [Tomcat]
13:28:34.998 [main] INFO  o.a.c.c.StandardEngine - [log,180] - Starting Servlet Engine: Apache Tomcat/8.5.29
13:28:35.020 [localhost-startStop-1] INFO  o.a.c.c.AprLifecycleListener - [log,180] - Loaded APR based Apache Tomcat Native library [1.2.17] using APR version [1.6.3].
13:28:35.021 [localhost-startStop-1] INFO  o.a.c.c.AprLifecycleListener - [log,180] - APR capabilities: IPv6 [true], sendfile [true], accept filters [false], random [true].
13:28:35.022 [localhost-startStop-1] INFO  o.a.c.c.AprLifecycleListener - [log,180] - APR/OpenSSL configuration: useAprConnector [false], useOpenSSL [true]
13:28:36.118 [localhost-startStop-1] INFO  o.a.c.c.AprLifecycleListener - [log,180] - OpenSSL successfully initialized [OpenSSL 1.0.2o  27 Mar 2018]
13:28:36.397 [localhost-startStop-1] INFO  o.a.c.c.C.[.[.[/] - [log,180] - Initializing Spring embedded WebApplicationContext
13:28:46.518 [main] INFO  o.a.c.h.Http11NioProtocol - [log,180] - Starting ProtocolHandler ["http-nio-80"]
13:28:46.563 [main] INFO  o.a.t.u.n.NioSelectorPool - [log,180] - Using a shared selector for servlet write/read
13:28:46.614 [main] INFO  c.q.QcblogApplication - [logStarted,59] - Started QcblogApplication in 22.851 seconds (JVM running for 24.547)
13:29:14.717 [http-nio-80-exec-2] INFO  o.a.c.c.C.[.[.[/] - [log,180] - Initializing Spring FrameworkServlet 'dispatcherServlet'
13:29:17.658 [http-nio-80-exec-8] INFO  c.z.h.HikariDataSource - [getConnection,110] - HikariPool-1 - Starting...
13:29:18.600 [http-nio-80-exec-8] INFO  c.z.h.HikariDataSource - [getConnection,123] - HikariPool-1 - Start completed.
13:29:19.237 [http-nio-80-exec-7] INFO  c.q.c.ArticleController - [selectNameByArticle,70] - 作者信息查询成功，信息如→[{id=1, username=qichao}, {id=2, username=qichao}, {id=3, username=王杰}, {id=4, username=朱莹}, {id=5, username=qichao}, {id=6, username=qichao}, {id=7, username=qichao}, {id=8, username=qichao}, {id=9, username=qichao}, {id=10, username=qichao}, {id=11, username=王杰}, {id=12, username=王杰}, {id=13, username=qichao}, {id=14, username=王杰}, {id=15, username=qichao}, {id=16, username=朱莹}, {id=17, username=朱莹}, {id=18, username=王杰}, {id=19, username=王杰}, {id=20, username=qichao}, {id=21, username=qichao}, {id=22, username=qichao}, {id=23, username=qichao}, {id=24, username=qichao}, {id=25, username=qichao}, {id=26, username=qichao}, {id=27, username=qichao}, {id=28, username=qichao}, {id=29, username=qichao}, {id=30, username=qichao}]
13:30:22.584 [main] INFO  c.q.QcblogApplication - [logStarting,50] - Starting QcblogApplication on PC-20180928WXPZ with PID 4884 (D:\IDEA\qcblog\qcblog-web\target\classes started by Administrator in D:\IDEA\qcblog)
13:30:22.599 [main] INFO  c.q.QcblogApplication - [logStartupProfileInfo,659] - No active profile set, falling back to default profiles: default
13:30:33.312 [main] INFO  o.a.c.h.Http11NioProtocol - [log,180] - Initializing ProtocolHandler ["http-nio-80"]
13:30:33.347 [main] INFO  o.a.c.c.StandardService - [log,180] - Starting service [Tomcat]
13:30:33.348 [main] INFO  o.a.c.c.StandardEngine - [log,180] - Starting Servlet Engine: Apache Tomcat/8.5.29
13:30:33.372 [localhost-startStop-1] INFO  o.a.c.c.AprLifecycleListener - [log,180] - Loaded APR based Apache Tomcat Native library [1.2.17] using APR version [1.6.3].
13:30:33.373 [localhost-startStop-1] INFO  o.a.c.c.AprLifecycleListener - [log,180] - APR capabilities: IPv6 [true], sendfile [true], accept filters [false], random [true].
13:30:33.373 [localhost-startStop-1] INFO  o.a.c.c.AprLifecycleListener - [log,180] - APR/OpenSSL configuration: useAprConnector [false], useOpenSSL [true]
13:30:34.446 [localhost-startStop-1] INFO  o.a.c.c.AprLifecycleListener - [log,180] - OpenSSL successfully initialized [OpenSSL 1.0.2o  27 Mar 2018]
13:30:34.692 [localhost-startStop-1] INFO  o.a.c.c.C.[.[.[/] - [log,180] - Initializing Spring embedded WebApplicationContext
13:30:42.885 [main] INFO  o.a.c.h.Http11NioProtocol - [log,180] - Starting ProtocolHandler ["http-nio-80"]
13:30:42.964 [main] INFO  o.a.t.u.n.NioSelectorPool - [log,180] - Using a shared selector for servlet write/read
13:30:43.078 [main] INFO  c.q.QcblogApplication - [logStarted,59] - Started QcblogApplication in 22.435 seconds (JVM running for 24.175)
13:30:46.919 [http-nio-80-exec-1] INFO  o.a.c.c.C.[.[.[/] - [log,180] - Initializing Spring FrameworkServlet 'dispatcherServlet'
13:30:49.911 [http-nio-80-exec-1] INFO  c.z.h.HikariDataSource - [getConnection,110] - HikariPool-1 - Starting...
13:30:50.725 [http-nio-80-exec-1] INFO  c.z.h.HikariDataSource - [getConnection,123] - HikariPool-1 - Start completed.
13:30:51.482 [http-nio-80-exec-2] INFO  c.q.c.ArticleController - [selectNameByArticle,70] - 作者信息查询成功，信息如→[{id=1, username=qichao}, {id=2, username=qichao}, {id=3, username=王杰}, {id=4, username=朱莹}, {id=5, username=qichao}, {id=6, username=qichao}, {id=7, username=qichao}, {id=8, username=qichao}, {id=9, username=qichao}, {id=10, username=qichao}, {id=11, username=王杰}, {id=12, username=王杰}, {id=13, username=qichao}, {id=14, username=王杰}, {id=15, username=qichao}, {id=16, username=朱莹}, {id=17, username=朱莹}, {id=18, username=王杰}, {id=19, username=王杰}, {id=20, username=qichao}, {id=21, username=qichao}, {id=22, username=qichao}, {id=23, username=qichao}, {id=24, username=qichao}, {id=25, username=qichao}, {id=26, username=qichao}, {id=27, username=qichao}, {id=28, username=qichao}, {id=29, username=qichao}, {id=30, username=qichao}]
13:32:16.067 [main] INFO  c.q.QcblogApplication - [logStarting,50] - Starting QcblogApplication on PC-20180928WXPZ with PID 9072 (D:\IDEA\qcblog\qcblog-web\target\classes started by Administrator in D:\IDEA\qcblog)
13:32:16.082 [main] INFO  c.q.QcblogApplication - [logStartupProfileInfo,659] - No active profile set, falling back to default profiles: default
13:32:25.108 [main] INFO  o.a.c.h.Http11NioProtocol - [log,180] - Initializing ProtocolHandler ["http-nio-80"]
13:32:25.124 [main] INFO  o.a.c.c.StandardService - [log,180] - Starting service [Tomcat]
13:32:25.124 [main] INFO  o.a.c.c.StandardEngine - [log,180] - Starting Servlet Engine: Apache Tomcat/8.5.29
13:32:25.138 [localhost-startStop-1] INFO  o.a.c.c.AprLifecycleListener - [log,180] - Loaded APR based Apache Tomcat Native library [1.2.17] using APR version [1.6.3].
13:32:25.138 [localhost-startStop-1] INFO  o.a.c.c.AprLifecycleListener - [log,180] - APR capabilities: IPv6 [true], sendfile [true], accept filters [false], random [true].
13:32:25.138 [localhost-startStop-1] INFO  o.a.c.c.AprLifecycleListener - [log,180] - APR/OpenSSL configuration: useAprConnector [false], useOpenSSL [true]
13:32:26.211 [localhost-startStop-1] INFO  o.a.c.c.AprLifecycleListener - [log,180] - OpenSSL successfully initialized [OpenSSL 1.0.2o  27 Mar 2018]
13:32:26.486 [localhost-startStop-1] INFO  o.a.c.c.C.[.[.[/] - [log,180] - Initializing Spring embedded WebApplicationContext
13:32:35.304 [main] INFO  o.a.c.h.Http11NioProtocol - [log,180] - Starting ProtocolHandler ["http-nio-80"]
13:32:35.345 [main] INFO  o.a.t.u.n.NioSelectorPool - [log,180] - Using a shared selector for servlet write/read
13:32:35.412 [main] INFO  c.q.QcblogApplication - [logStarted,59] - Started QcblogApplication in 21.257 seconds (JVM running for 23.315)
13:32:52.551 [http-nio-80-exec-1] INFO  o.a.c.c.C.[.[.[/] - [log,180] - Initializing Spring FrameworkServlet 'dispatcherServlet'
13:32:55.551 [http-nio-80-exec-10] INFO  c.z.h.HikariDataSource - [getConnection,110] - HikariPool-1 - Starting...
13:32:56.353 [http-nio-80-exec-10] INFO  c.z.h.HikariDataSource - [getConnection,123] - HikariPool-1 - Start completed.
13:32:56.442 [http-nio-80-exec-10] INFO  c.q.c.ArticleController - [selectNameByArticle,70] - 作者信息查询成功，信息如→[{id=1, username=qichao}, {id=2, username=qichao}, {id=3, username=王杰}, {id=4, username=朱莹}, {id=5, username=qichao}, {id=6, username=qichao}, {id=7, username=qichao}, {id=8, username=qichao}, {id=9, username=qichao}, {id=10, username=qichao}, {id=11, username=王杰}, {id=12, username=王杰}, {id=13, username=qichao}, {id=14, username=王杰}, {id=15, username=qichao}, {id=16, username=朱莹}, {id=17, username=朱莹}, {id=18, username=王杰}, {id=19, username=王杰}, {id=20, username=qichao}, {id=21, username=qichao}, {id=22, username=qichao}, {id=23, username=qichao}, {id=24, username=qichao}, {id=25, username=qichao}, {id=26, username=qichao}, {id=27, username=qichao}, {id=28, username=qichao}, {id=29, username=qichao}, {id=30, username=qichao}]
19:02:04.638 [main] INFO  c.q.QcblogApplication - [logStarting,50] - Starting QcblogApplication on PC-20180928WXPZ with PID 18156 (D:\IDEA\qcblog\qcblog-web\target\classes started by Administrator in D:\IDEA\qcblog)
19:02:04.650 [main] INFO  c.q.QcblogApplication - [logStartupProfileInfo,659] - No active profile set, falling back to default profiles: default
19:23:33.225 [main] INFO  c.q.QcblogApplication - [logStarting,50] - Starting QcblogApplication on PC-20180928WXPZ with PID 13376 (D:\IDEA\qcblog\qcblog-web\target\classes started by Administrator in D:\IDEA\qcblog)
19:23:33.334 [main] INFO  c.q.QcblogApplication - [logStartupProfileInfo,659] - No active profile set, falling back to default profiles: default
19:23:42.422 [main] INFO  o.a.c.h.Http11NioProtocol - [log,180] - Initializing ProtocolHandler ["http-nio-80"]
19:23:42.440 [main] INFO  o.a.c.c.StandardService - [log,180] - Starting service [Tomcat]
19:23:42.441 [main] INFO  o.a.c.c.StandardEngine - [log,180] - Starting Servlet Engine: Apache Tomcat/8.5.29
19:23:42.457 [localhost-startStop-1] INFO  o.a.c.c.AprLifecycleListener - [log,180] - Loaded APR based Apache Tomcat Native library [1.2.17] using APR version [1.6.3].
19:23:42.457 [localhost-startStop-1] INFO  o.a.c.c.AprLifecycleListener - [log,180] - APR capabilities: IPv6 [true], sendfile [true], accept filters [false], random [true].
19:23:42.457 [localhost-startStop-1] INFO  o.a.c.c.AprLifecycleListener - [log,180] - APR/OpenSSL configuration: useAprConnector [false], useOpenSSL [true]
19:23:43.546 [localhost-startStop-1] INFO  o.a.c.c.AprLifecycleListener - [log,180] - OpenSSL successfully initialized [OpenSSL 1.0.2o  27 Mar 2018]
19:23:43.733 [localhost-startStop-1] INFO  o.a.c.c.C.[.[.[/] - [log,180] - Initializing Spring embedded WebApplicationContext
19:23:50.996 [main] INFO  o.a.c.h.Http11NioProtocol - [log,180] - Starting ProtocolHandler ["http-nio-80"]
19:23:51.035 [main] INFO  o.a.t.u.n.NioSelectorPool - [log,180] - Using a shared selector for servlet write/read
19:23:51.109 [main] INFO  c.q.QcblogApplication - [logStarted,59] - Started QcblogApplication in 19.348 seconds (JVM running for 21.04)
19:23:58.459 [http-nio-80-exec-1] INFO  o.a.c.c.C.[.[.[/] - [log,180] - Initializing Spring FrameworkServlet 'dispatcherServlet'
19:33:50.441 [main] INFO  c.q.QcblogApplication - [logStarting,50] - Starting QcblogApplication on PC-20180928WXPZ with PID 10348 (D:\IDEA\qcblog\qcblog-web\target\classes started by Administrator in D:\IDEA\qcblog)
19:33:50.513 [main] INFO  c.q.QcblogApplication - [logStartupProfileInfo,659] - No active profile set, falling back to default profiles: default
19:34:04.593 [main] INFO  o.a.c.h.Http11NioProtocol - [log,180] - Initializing ProtocolHandler ["http-nio-80"]
19:34:04.617 [main] INFO  o.a.c.c.StandardService - [log,180] - Starting service [Tomcat]
19:34:04.618 [main] INFO  o.a.c.c.StandardEngine - [log,180] - Starting Servlet Engine: Apache Tomcat/8.5.29
19:34:04.634 [localhost-startStop-1] INFO  o.a.c.c.AprLifecycleListener - [log,180] - Loaded APR based Apache Tomcat Native library [1.2.17] using APR version [1.6.3].
19:34:04.635 [localhost-startStop-1] INFO  o.a.c.c.AprLifecycleListener - [log,180] - APR capabilities: IPv6 [true], sendfile [true], accept filters [false], random [true].
19:34:04.635 [localhost-startStop-1] INFO  o.a.c.c.AprLifecycleListener - [log,180] - APR/OpenSSL configuration: useAprConnector [false], useOpenSSL [true]
19:34:05.702 [localhost-startStop-1] INFO  o.a.c.c.AprLifecycleListener - [log,180] - OpenSSL successfully initialized [OpenSSL 1.0.2o  27 Mar 2018]
19:34:05.918 [localhost-startStop-1] INFO  o.a.c.c.C.[.[.[/] - [log,180] - Initializing Spring embedded WebApplicationContext
19:34:13.906 [main] INFO  o.a.c.h.Http11NioProtocol - [log,180] - Starting ProtocolHandler ["http-nio-80"]
19:34:13.958 [main] INFO  o.a.t.u.n.NioSelectorPool - [log,180] - Using a shared selector for servlet write/read
19:34:14.029 [main] INFO  c.q.QcblogApplication - [logStarted,59] - Started QcblogApplication in 25.094 seconds (JVM running for 26.837)
19:34:42.410 [http-nio-80-exec-10] INFO  o.a.c.c.C.[.[.[/] - [log,180] - Initializing Spring FrameworkServlet 'dispatcherServlet'
19:34:44.793 [http-nio-80-exec-7] INFO  c.z.h.HikariDataSource - [getConnection,110] - HikariPool-1 - Starting...
19:34:45.832 [http-nio-80-exec-7] INFO  c.z.h.HikariDataSource - [getConnection,123] - HikariPool-1 - Start completed.
19:34:46.521 [http-nio-80-exec-2] INFO  c.q.c.ArticleController - [selectNameByArticle,67] - 作者信息查询成功，信息如→[{id=1, username=qichao}, {id=2, username=qichao}, {id=3, username=王杰}, {id=4, username=朱莹}, {id=5, username=qichao}, {id=6, username=qichao}, {id=7, username=qichao}, {id=8, username=qichao}, {id=9, username=qichao}, {id=10, username=qichao}, {id=11, username=王杰}, {id=12, username=王杰}, {id=13, username=qichao}, {id=14, username=王杰}, {id=15, username=qichao}, {id=16, username=朱莹}, {id=17, username=朱莹}, {id=18, username=王杰}, {id=19, username=王杰}, {id=20, username=qichao}, {id=21, username=qichao}, {id=22, username=qichao}, {id=23, username=qichao}, {id=24, username=qichao}, {id=25, username=qichao}, {id=26, username=qichao}, {id=27, username=qichao}, {id=28, username=qichao}, {id=29, username=qichao}, {id=30, username=qichao}]
19:35:13.995 [http-nio-80-exec-2] INFO  i.l.c.EpollProvider - [info,101] - Starting without optional epoll library
19:35:14.007 [http-nio-80-exec-2] INFO  i.l.c.KqueueProvider - [info,101] - Starting without optional kqueue library
19:35:31.712 [http-nio-80-exec-3] INFO  c.q.c.MyUserDetailsService - [loadUserByUsername,56] - qichao角色权限为：[USER, 普通用户]
19:35:32.224 [http-nio-80-exec-3] INFO  c.q.c.LogicalController - [main,116] - 获取用户信息成功，信息如→com.qcblog.pojo.User@1103a49a
19:35:33.396 [http-nio-80-exec-7] INFO  c.q.c.ArticleController - [selectNameByArticle,67] - 作者信息查询成功，信息如→[{id=1, username=qichao}, {id=2, username=qichao}, {id=3, username=王杰}, {id=4, username=朱莹}, {id=5, username=qichao}, {id=6, username=qichao}, {id=7, username=qichao}, {id=8, username=qichao}, {id=9, username=qichao}, {id=10, username=qichao}, {id=11, username=王杰}, {id=12, username=王杰}, {id=13, username=qichao}, {id=14, username=王杰}, {id=15, username=qichao}, {id=16, username=朱莹}, {id=17, username=朱莹}, {id=18, username=王杰}, {id=19, username=王杰}, {id=20, username=qichao}, {id=21, username=qichao}, {id=22, username=qichao}, {id=23, username=qichao}, {id=24, username=qichao}, {id=25, username=qichao}, {id=26, username=qichao}, {id=27, username=qichao}, {id=28, username=qichao}, {id=29, username=qichao}, {id=30, username=qichao}]
19:35:38.052 [http-nio-80-exec-8] INFO  c.q.c.ArticleController - [selectNameByArticle,67] - 作者信息查询成功，信息如→[{id=1, username=qichao}, {id=2, username=qichao}, {id=3, username=王杰}, {id=4, username=朱莹}, {id=5, username=qichao}, {id=6, username=qichao}, {id=7, username=qichao}, {id=8, username=qichao}, {id=9, username=qichao}, {id=10, username=qichao}, {id=11, username=王杰}, {id=12, username=王杰}, {id=13, username=qichao}, {id=14, username=王杰}, {id=15, username=qichao}, {id=16, username=朱莹}, {id=17, username=朱莹}, {id=18, username=王杰}, {id=19, username=王杰}, {id=20, username=qichao}, {id=21, username=qichao}, {id=22, username=qichao}, {id=23, username=qichao}, {id=24, username=qichao}, {id=25, username=qichao}, {id=26, username=qichao}, {id=27, username=qichao}, {id=28, username=qichao}, {id=29, username=qichao}, {id=30, username=qichao}]
19:36:43.857 [main] INFO  c.q.QcblogApplication - [logStarting,50] - Starting QcblogApplication on PC-20180928WXPZ with PID 10324 (D:\IDEA\qcblog\qcblog-web\target\classes started by Administrator in D:\IDEA\qcblog)
19:36:43.866 [main] INFO  c.q.QcblogApplication - [logStartupProfileInfo,659] - No active profile set, falling back to default profiles: default
19:36:56.598 [main] INFO  o.a.c.h.Http11NioProtocol - [log,180] - Initializing ProtocolHandler ["http-nio-80"]
19:36:56.615 [main] INFO  o.a.c.c.StandardService - [log,180] - Starting service [Tomcat]
19:36:56.615 [main] INFO  o.a.c.c.StandardEngine - [log,180] - Starting Servlet Engine: Apache Tomcat/8.5.29
19:36:56.631 [localhost-startStop-1] INFO  o.a.c.c.AprLifecycleListener - [log,180] - Loaded APR based Apache Tomcat Native library [1.2.17] using APR version [1.6.3].
19:36:56.631 [localhost-startStop-1] INFO  o.a.c.c.AprLifecycleListener - [log,180] - APR capabilities: IPv6 [true], sendfile [true], accept filters [false], random [true].
19:36:56.632 [localhost-startStop-1] INFO  o.a.c.c.AprLifecycleListener - [log,180] - APR/OpenSSL configuration: useAprConnector [false], useOpenSSL [true]
19:36:57.694 [localhost-startStop-1] INFO  o.a.c.c.AprLifecycleListener - [log,180] - OpenSSL successfully initialized [OpenSSL 1.0.2o  27 Mar 2018]
19:36:57.878 [localhost-startStop-1] INFO  o.a.c.c.C.[.[.[/] - [log,180] - Initializing Spring embedded WebApplicationContext
19:37:02.650 [main] INFO  o.a.c.h.Http11NioProtocol - [log,180] - Starting ProtocolHandler ["http-nio-80"]
19:37:02.681 [main] INFO  o.a.t.u.n.NioSelectorPool - [log,180] - Using a shared selector for servlet write/read
19:37:02.725 [main] INFO  c.q.QcblogApplication - [logStarted,59] - Started QcblogApplication in 20.61 seconds (JVM running for 22.602)
19:37:44.441 [http-nio-80-exec-1] INFO  o.a.c.c.C.[.[.[/] - [log,180] - Initializing Spring FrameworkServlet 'dispatcherServlet'
19:37:47.202 [http-nio-80-exec-10] INFO  c.z.h.HikariDataSource - [getConnection,110] - HikariPool-1 - Starting...
19:37:48.023 [http-nio-80-exec-10] INFO  c.z.h.HikariDataSource - [getConnection,123] - HikariPool-1 - Start completed.
19:37:52.439 [http-nio-80-exec-9] INFO  i.l.c.EpollProvider - [info,101] - Starting without optional epoll library
19:37:52.472 [http-nio-80-exec-9] INFO  i.l.c.KqueueProvider - [info,101] - Starting without optional kqueue library
19:38:03.313 [http-nio-80-exec-10] INFO  c.q.c.MyUserDetailsService - [loadUserByUsername,56] - qichao角色权限为：[USER, 普通用户]
19:38:03.607 [http-nio-80-exec-10] INFO  c.q.c.LogicalController - [main,116] - 获取用户信息成功，信息如→com.qcblog.pojo.User@aae40d9
19:38:04.695 [http-nio-80-exec-5] INFO  c.q.c.ArticleController - [selectNameByArticle,67] - 作者信息查询成功，信息如→[{id=1, username=qichao}, {id=2, username=qichao}, {id=3, username=王杰}, {id=4, username=朱莹}, {id=5, username=qichao}, {id=6, username=qichao}, {id=7, username=qichao}, {id=8, username=qichao}, {id=9, username=qichao}, {id=10, username=qichao}, {id=11, username=王杰}, {id=12, username=王杰}, {id=13, username=qichao}, {id=14, username=王杰}, {id=15, username=qichao}, {id=16, username=朱莹}, {id=17, username=朱莹}, {id=18, username=王杰}, {id=19, username=王杰}, {id=20, username=qichao}, {id=21, username=qichao}, {id=22, username=qichao}, {id=23, username=qichao}, {id=24, username=qichao}, {id=25, username=qichao}, {id=26, username=qichao}, {id=27, username=qichao}, {id=28, username=qichao}, {id=29, username=qichao}, {id=30, username=qichao}]
19:38:07.392 [http-nio-80-exec-6] INFO  c.q.c.ArticleController - [selectNameByArticle,67] - 作者信息查询成功，信息如→[{id=1, username=qichao}, {id=2, username=qichao}, {id=3, username=王杰}, {id=4, username=朱莹}, {id=5, username=qichao}, {id=6, username=qichao}, {id=7, username=qichao}, {id=8, username=qichao}, {id=9, username=qichao}, {id=10, username=qichao}, {id=11, username=王杰}, {id=12, username=王杰}, {id=13, username=qichao}, {id=14, username=王杰}, {id=15, username=qichao}, {id=16, username=朱莹}, {id=17, username=朱莹}, {id=18, username=王杰}, {id=19, username=王杰}, {id=20, username=qichao}, {id=21, username=qichao}, {id=22, username=qichao}, {id=23, username=qichao}, {id=24, username=qichao}, {id=25, username=qichao}, {id=26, username=qichao}, {id=27, username=qichao}, {id=28, username=qichao}, {id=29, username=qichao}, {id=30, username=qichao}]
19:39:01.958 [http-nio-80-exec-6] INFO  c.q.c.ArticleController - [selectNameByArticle,67] - 作者信息查询成功，信息如→[{id=1, username=qichao}, {id=2, username=qichao}, {id=3, username=王杰}, {id=4, username=朱莹}, {id=5, username=qichao}, {id=6, username=qichao}, {id=7, username=qichao}, {id=8, username=qichao}, {id=9, username=qichao}, {id=10, username=qichao}, {id=11, username=王杰}, {id=12, username=王杰}, {id=13, username=qichao}, {id=14, username=王杰}, {id=15, username=qichao}, {id=16, username=朱莹}, {id=17, username=朱莹}, {id=18, username=王杰}, {id=19, username=王杰}, {id=20, username=qichao}, {id=21, username=qichao}, {id=22, username=qichao}, {id=23, username=qichao}, {id=24, username=qichao}, {id=25, username=qichao}, {id=26, username=qichao}, {id=27, username=qichao}, {id=28, username=qichao}, {id=29, username=qichao}, {id=30, username=qichao}, {id=48, username=qichao}]
